<?xml version="1.0" encoding="UTF-8"?>
<testng-results ignored="0" total="1" passed="1" failed="0" skipped="0">
  <reporter-output>
  </reporter-output>
  <suite started-at="2023-02-16T19:31:53 IST" name="OpenCartSuite" finished-at="2023-02-16T19:31:57 IST" duration-ms="3538">
    <groups>
      <group name="regression">
        <method signature="TC_001_AccountRegistrationTest.test_account_registration()[pri:0, instance:testCases.TC_001_AccountRegistrationTest@515aebb0]" name="test_account_registration" class="testCases.TC_001_AccountRegistrationTest"/>
      </group> <!-- regression -->
      <group name="master">
        <method signature="TC_001_AccountRegistrationTest.test_account_registration()[pri:0, instance:testCases.TC_001_AccountRegistrationTest@515aebb0]" name="test_account_registration" class="testCases.TC_001_AccountRegistrationTest"/>
      </group> <!-- master -->
    </groups>
    <test started-at="2023-02-16T19:31:53 IST" name="Test" finished-at="2023-02-16T19:31:57 IST" duration-ms="3538">
      <class name="testCases.TC_001_AccountRegistrationTest">
        <test-method is-config="true" signature="setup(java.lang.String)[pri:0, instance:testCases.TC_001_AccountRegistrationTest@515aebb0]" started-at="2023-02-16T19:31:54 IST" name="setup" finished-at="2023-02-16T19:31:56 IST" duration-ms="2276" status="PASS">
          <params>
            <param index="0">
              <value>
                <![CDATA[crome]]>
              </value>
            </param>
          </params>
          <reporter-output>
          </reporter-output>
        </test-method> <!-- setup -->
        <test-method signature="test_account_registration()[pri:0, instance:testCases.TC_001_AccountRegistrationTest@515aebb0]" started-at="2023-02-16T19:31:56 IST" name="test_account_registration" finished-at="2023-02-16T19:31:57 IST" duration-ms="935" status="PASS">
          <reporter-output>
          </reporter-output>
        </test-method> <!-- test_account_registration -->
        <test-method is-config="true" signature="teardown()[pri:0, instance:testCases.TC_001_AccountRegistrationTest@515aebb0]" started-at="2023-02-16T19:31:57 IST" name="teardown" finished-at="2023-02-16T19:31:57 IST" duration-ms="114" status="PASS">
          <reporter-output>
          </reporter-output>
        </test-method> <!-- teardown -->
      </class> <!-- testCases.TC_001_AccountRegistrationTest -->
    </test> <!-- Test -->
  </suite> <!-- OpenCartSuite -->
</testng-results>
